2025-01-08 21:56:07,521 - INFO - Database connection established.
2025-01-08 21:56:36,791 - ERROR - Pipeline failed: {'S': 'ERROR', 'V': 'ERROR', 'C': '42601', 'M': 'syntax error at or near "$1"', 'P': '757', 'F': 'scan.l', 'L': '1248', 'R': 'scanner_yyerror'}
2025-01-08 22:03:05,393 - INFO - Database connection established.
2025-01-08 22:03:48,427 - ERROR - Pipeline failed: {'S': 'ERROR', 'V': 'ERROR', 'C': '42601', 'M': 'syntax error at or near "$1"', 'P': '757', 'F': 'scan.l', 'L': '1248', 'R': 'scanner_yyerror'}
2025-01-10 09:49:22,637 - INFO - Database connection established.
2025-01-10 09:49:36,848 - ERROR - Pipeline failed: {'S': 'ERROR', 'V': 'ERROR', 'C': '42P01', 'M': 'relation "asteroids" does not exist', 'P': '22', 'F': 'parse_relation.c', 'L': '1452', 'R': 'parserOpenTable'}
2025-01-10 10:03:55,091 - INFO - Fetched page: https://api.nasa.gov/neo/rest/v1/neo/browse
2025-01-10 10:03:59,404 - INFO - Database connection established.
2025-01-10 10:04:08,074 - ERROR - Pipeline failed: {'S': 'ERROR', 'V': 'ERROR', 'C': '42601', 'M': 'INSERT has more target columns than expressions', 'P': '733', 'F': 'analyze.c', 'L': '1052', 'R': 'transformInsertRow'}
2025-01-10 10:07:37,664 - INFO - Fetched page: https://api.nasa.gov/neo/rest/v1/neo/browse
2025-01-10 10:07:48,913 - INFO - Database connection established.
2025-01-10 10:07:59,890 - ERROR - Pipeline failed: {'S': 'ERROR', 'V': 'ERROR', 'C': '42601', 'M': 'INSERT has more target columns than expressions', 'P': '733', 'F': 'analyze.c', 'L': '1052', 'R': 'transformInsertRow'}
2025-01-10 10:25:24,058 - INFO - Fetched page: https://api.nasa.gov/neo/rest/v1/neo/browse
2025-01-10 10:25:29,171 - INFO - Database connection established.
2025-01-10 10:25:35,172 - ERROR - Pipeline failed: {'S': 'ERROR', 'V': 'ERROR', 'C': '42601', 'M': 'INSERT has more target columns than expressions', 'P': '714', 'F': 'analyze.c', 'L': '1052', 'R': 'transformInsertRow'}
2025-01-10 10:27:43,111 - INFO - Fetched page: https://api.nasa.gov/neo/rest/v1/neo/browse
2025-01-10 10:27:45,309 - INFO - Database connection established.
2025-01-10 10:27:51,222 - ERROR - Pipeline failed: {'S': 'ERROR', 'V': 'ERROR', 'C': '42601', 'M': 'INSERT has more target columns than expressions', 'P': '714', 'F': 'analyze.c', 'L': '1052', 'R': 'transformInsertRow'}
2025-01-10 21:20:46,569 - INFO - Fetched page: https://api.nasa.gov/neo/rest/v1/neo/browse
2025-01-10 21:20:50,725 - INFO - Database connection established.
2025-01-10 21:23:35,862 - ERROR - Pipeline failed: {'S': 'ERROR', 'V': 'ERROR', 'C': '08P01', 'M': 'bind message supplies 4 parameters, but prepared statement "" requires 34', 'F': 'postgres.c', 'L': '1736', 'R': 'exec_bind_message'}
2025-01-10 21:35:54,304 - INFO - Fetched page: https://api.nasa.gov/neo/rest/v1/neo/browse
2025-01-10 21:36:03,875 - INFO - Database connection established.
2025-01-10 21:36:09,249 - ERROR - Pipeline failed: {'S': 'ERROR', 'V': 'ERROR', 'C': '42P10', 'M': 'there is no unique or exclusion constraint matching the ON CONFLICT specification', 'F': 'plancat.c', 'L': '945', 'R': 'infer_arbiter_indexes'}
2025-01-10 21:56:50,868 - INFO - Fetched page: https://api.nasa.gov/neo/rest/v1/neo/browse
2025-01-10 22:00:12,826 - INFO - Database connection established.
2025-01-10 22:00:15,112 - ERROR - Pipeline failed: {'S': 'ERROR', 'V': 'ERROR', 'C': '42P10', 'M': 'there is no unique or exclusion constraint matching the ON CONFLICT specification', 'F': 'plancat.c', 'L': '945', 'R': 'infer_arbiter_indexes'}
2025-01-10 23:44:58,461 - INFO - Fetched page: https://api.nasa.gov/neo/rest/v1/neo/browse
2025-01-10 23:45:02,338 - WARNING - Invalid date format: 1900-Dec-27 01:30
2025-01-10 23:45:04,469 - WARNING - Invalid date format: 1907-Nov-05 03:31
2025-01-10 23:45:05,735 - WARNING - Invalid date format: 1917-Apr-20 21:19
2025-01-10 23:45:06,969 - WARNING - Invalid date format: 1924-Mar-05 22:13
2025-01-10 23:45:09,852 - WARNING - Invalid date format: 2139-May-20 15:23
2025-01-10 23:45:09,852 - WARNING - Invalid date format: 2151-May-10 11:55
2025-01-10 23:45:09,923 - INFO - Database connection established.
2025-01-10 23:45:13,948 - ERROR - Pipeline failed: {'S': 'ERROR', 'V': 'ERROR', 'C': '42P10', 'M': 'there is no unique or exclusion constraint matching the ON CONFLICT specification', 'F': 'plancat.c', 'L': '945', 'R': 'infer_arbiter_indexes'}
2025-01-11 00:02:42,665 - INFO - Fetched page: https://api.nasa.gov/neo/rest/v1/neo/browse
2025-01-11 00:02:43,676 - INFO - Database connection established.
2025-01-11 00:02:48,898 - INFO - Data upserted successfully.
2025-01-11 00:02:48,901 - INFO - Pipeline completed successfully.
2025-01-11 00:51:59,228 - INFO - Fetched page: https://api.nasa.gov/neo/rest/v1/neo/browse
2025-01-11 00:52:00,404 - INFO - Fetched page: https://api.nasa.gov/neo/rest/v1/neo/browse
2025-01-11 00:52:01,699 - INFO - Fetched page: https://api.nasa.gov/neo/rest/v1/neo/browse
2025-01-11 00:52:02,893 - INFO - Fetched page: https://api.nasa.gov/neo/rest/v1/neo/browse
2025-01-11 00:52:04,139 - INFO - Fetched page: https://api.nasa.gov/neo/rest/v1/neo/browse
2025-01-11 00:52:05,339 - INFO - Fetched page: https://api.nasa.gov/neo/rest/v1/neo/browse
2025-01-11 01:12:24,464 - INFO - Fetched page: https://api.nasa.gov/neo/rest/v1/neo/browse
2025-01-11 01:12:25,474 - INFO - Fetched page: https://api.nasa.gov/neo/rest/v1/neo/browse
2025-01-11 01:12:57,079 - ERROR - Error fetching data from NASA API: ('Connection aborted.', ConnectionResetError(10054, 'An existing connection was forcibly closed by the remote host', None, 10054, None))
2025-01-11 01:13:14,375 - ERROR - Pipeline failed: 'absolute_magnitude_h'
2025-01-11 09:23:36,947 - INFO - Fetched page: http://api.nasa.gov/neo/rest/v1/neo/browse?page=1&size=20
2025-01-11 09:23:38,135 - INFO - Fetched page: http://api.nasa.gov/neo/rest/v1/neo/browse?page=2&size=20
2025-01-11 09:23:39,453 - INFO - Fetched page: http://api.nasa.gov/neo/rest/v1/neo/browse?page=3&size=20
2025-01-11 09:23:40,656 - INFO - Fetched page: http://api.nasa.gov/neo/rest/v1/neo/browse?page=4&size=20
2025-01-11 09:23:41,918 - INFO - Fetched page: http://api.nasa.gov/neo/rest/v1/neo/browse?page=5&size=20
2025-01-11 09:23:43,078 - INFO - Fetched page: http://api.nasa.gov/neo/rest/v1/neo/browse?page=6&size=20
2025-01-11 09:23:44,270 - INFO - Fetched page: http://api.nasa.gov/neo/rest/v1/neo/browse?page=7&size=20
2025-01-11 09:23:45,464 - INFO - Fetched page: http://api.nasa.gov/neo/rest/v1/neo/browse?page=8&size=20
2025-01-11 09:23:46,576 - INFO - Fetched page: http://api.nasa.gov/neo/rest/v1/neo/browse?page=9&size=20
2025-01-11 09:23:47,692 - INFO - Fetched page: http://api.nasa.gov/neo/rest/v1/neo/browse?page=10&size=20
2025-01-11 09:23:48,848 - INFO - Fetched page: http://api.nasa.gov/neo/rest/v1/neo/browse?page=11&size=20
2025-01-11 09:23:49,872 - INFO - Fetched page: http://api.nasa.gov/neo/rest/v1/neo/browse?page=12&size=20
2025-01-11 09:23:51,025 - INFO - Fetched page: http://api.nasa.gov/neo/rest/v1/neo/browse?page=13&size=20
2025-01-11 09:23:52,187 - INFO - Fetched page: http://api.nasa.gov/neo/rest/v1/neo/browse?page=14&size=20
2025-01-11 09:23:53,401 - INFO - Fetched page: http://api.nasa.gov/neo/rest/v1/neo/browse?page=15&size=20
2025-01-11 09:23:54,703 - INFO - Fetched page: http://api.nasa.gov/neo/rest/v1/neo/browse?page=16&size=20
2025-01-11 09:23:56,145 - INFO - Fetched page: http://api.nasa.gov/neo/rest/v1/neo/browse?page=17&size=20
2025-01-11 09:23:57,352 - INFO - Fetched page: http://api.nasa.gov/neo/rest/v1/neo/browse?page=18&size=20
2025-01-11 10:59:50,304 - ERROR - Error fetching data from NASA API: ('Connection aborted.', ConnectionResetError(10054, 'An existing connection was forcibly closed by the remote host', None, 10054, None))

2025-01-11 19:51:23,737 - INFO - Fetched page: http://api.nasa.gov/neo/rest/v1/neo/browse?page=1&size=20
2025-01-11 19:51:25,024 - INFO - Fetched page: http://api.nasa.gov/neo/rest/v1/neo/browse?page=2&size=20
2025-01-11 19:51:26,107 - INFO - Fetched page: http://api.nasa.gov/neo/rest/v1/neo/browse?page=3&size=20
2025-01-11 19:51:27,183 - INFO - Fetched page: http://api.nasa.gov/neo/rest/v1/neo/browse?page=4&size=20
2025-01-11 19:51:28,544 - INFO - Fetched page: http://api.nasa.gov/neo/rest/v1/neo/browse?page=5&size=20
2025-01-11 19:51:29,642 - INFO - Fetched page: http://api.nasa.gov/neo/rest/v1/neo/browse?page=6&size=20
2025-01-11 19:51:30,935 - INFO - Fetched page: http://api.nasa.gov/neo/rest/v1/neo/browse?page=7&size=20
2025-01-11 19:51:32,048 - INFO - Fetched page: http://api.nasa.gov/neo/rest/v1/neo/browse?page=8&size=20
2025-01-11 19:51:33,055 - INFO - Fetched page: http://api.nasa.gov/neo/rest/v1/neo/browse?page=9&size=20
2025-01-11 19:51:34,103 - INFO - Fetched page: http://api.nasa.gov/neo/rest/v1/neo/browse?page=10&size=20
2025-01-11 19:51:35,151 - INFO - Fetched page: http://api.nasa.gov/neo/rest/v1/neo/browse?page=11&size=20
2025-01-11 19:51:36,447 - INFO - Fetched page: http://api.nasa.gov/neo/rest/v1/neo/browse?page=12&size=20
2025-01-11 19:51:37,576 - INFO - Fetched page: http://api.nasa.gov/neo/rest/v1/neo/browse?page=13&size=20
2025-01-11 19:51:38,727 - INFO - Fetched page: http://api.nasa.gov/neo/rest/v1/neo/browse?page=14&size=20
2025-01-11 19:51:39,756 - INFO - Fetched page: http://api.nasa.gov/neo/rest/v1/neo/browse?page=15&size=20
2025-01-11 19:51:41,040 - INFO - Fetched page: http://api.nasa.gov/neo/rest/v1/neo/browse?page=16&size=20
2025-01-11 19:51:42,169 - INFO - Fetched page: http://api.nasa.gov/neo/rest/v1/neo/browse?page=17&size=20
2025-01-11 19:51:43,400 - INFO - Fetched page: http://api.nasa.gov/neo/rest/v1/neo/browse?page=18&size=20
2025-01-11 19:51:44,518 - INFO - Fetched page: http://api.nasa.gov/neo/rest/v1/neo/browse?page=19&size=20
2025-01-11 19:51:45,537 - INFO - Fetched page: http://api.nasa.gov/neo/rest/v1/neo/browse?page=20&size=20
2025-01-11 19:51:46,719 - INFO - Fetched page: http://api.nasa.gov/neo/rest/v1/neo/browse?page=21&size=20
2025-01-11 19:51:47,807 - INFO - Fetched page: http://api.nasa.gov/neo/rest/v1/neo/browse?page=22&size=20
2025-01-11 19:51:49,043 - INFO - Fetched page: http://api.nasa.gov/neo/rest/v1/neo/browse?page=23&size=20
2025-01-11 19:51:50,263 - INFO - Fetched page: http://api.nasa.gov/neo/rest/v1/neo/browse?page=24&size=20
2025-01-11 19:51:51,562 - INFO - Fetched page: http://api.nasa.gov/neo/rest/v1/neo/browse?page=25&size=20
2025-01-11 19:51:52,965 - INFO - Fetched page: http://api.nasa.gov/neo/rest/v1/neo/browse?page=26&size=20
2025-01-11 19:51:54,245 - INFO - Fetched page: http://api.nasa.gov/neo/rest/v1/neo/browse?page=27&size=20
2025-01-11 19:51:55,484 - INFO - Fetched page: http://api.nasa.gov/neo/rest/v1/neo/browse?page=28&size=20
2025-01-11 19:51:57,191 - INFO - Fetched page: http://api.nasa.gov/neo/rest/v1/neo/browse?page=29&size=20
2025-01-11 19:51:58,377 - INFO - Fetched page: http://api.nasa.gov/neo/rest/v1/neo/browse?page=30&size=20
2025-01-11 19:51:59,670 - INFO - Fetched page: http://api.nasa.gov/neo/rest/v1/neo/browse?page=31&size=20
2025-01-11 19:52:00,690 - INFO - Fetched page: http://api.nasa.gov/neo/rest/v1/neo/browse?page=32&size=20
2025-01-11 19:52:01,758 - INFO - Fetched page: http://api.nasa.gov/neo/rest/v1/neo/browse?page=33&size=20
2025-01-11 19:52:03,107 - INFO - Fetched page: http://api.nasa.gov/neo/rest/v1/neo/browse?page=34&size=20
2025-01-11 19:52:04,290 - INFO - Fetched page: http://api.nasa.gov/neo/rest/v1/neo/browse?page=35&size=20
2025-01-11 19:52:05,558 - INFO - Fetched page: http://api.nasa.gov/neo/rest/v1/neo/browse?page=36&size=20
2025-01-11 19:52:06,677 - INFO - Fetched page: http://api.nasa.gov/neo/rest/v1/neo/browse?page=37&size=20
2025-01-11 19:52:07,851 - INFO - Fetched page: http://api.nasa.gov/neo/rest/v1/neo/browse?page=38&size=20
2025-01-11 19:52:08,885 - INFO - Fetched page: http://api.nasa.gov/neo/rest/v1/neo/browse?page=39&size=20
2025-01-11 19:52:10,006 - INFO - Fetched page: http://api.nasa.gov/neo/rest/v1/neo/browse?page=40&size=20
2025-01-11 19:52:10,961 - INFO - Fetched page: http://api.nasa.gov/neo/rest/v1/neo/browse?page=41&size=20
2025-01-11 19:52:11,905 - INFO - Fetched page: http://api.nasa.gov/neo/rest/v1/neo/browse?page=42&size=20
2025-01-11 19:52:12,957 - INFO - Fetched page: http://api.nasa.gov/neo/rest/v1/neo/browse?page=43&size=20
2025-01-11 19:52:14,013 - INFO - Fetched page: http://api.nasa.gov/neo/rest/v1/neo/browse?page=44&size=20
2025-01-11 19:52:15,250 - INFO - Fetched page: http://api.nasa.gov/neo/rest/v1/neo/browse?page=45&size=20
2025-01-11 19:52:16,341 - INFO - Fetched page: http://api.nasa.gov/neo/rest/v1/neo/browse?page=46&size=20
2025-01-11 19:52:17,834 - INFO - Fetched page: http://api.nasa.gov/neo/rest/v1/neo/browse?page=47&size=20
2025-01-11 19:52:18,811 - INFO - Fetched page: http://api.nasa.gov/neo/rest/v1/neo/browse?page=48&size=20
2025-01-11 19:52:20,005 - INFO - Fetched page: http://api.nasa.gov/neo/rest/v1/neo/browse?page=49&size=20
2025-01-11 19:52:21,334 - INFO - Fetched page: http://api.nasa.gov/neo/rest/v1/neo/browse?page=50&size=20
2025-01-11 19:52:22,269 - INFO - Fetched page: http://api.nasa.gov/neo/rest/v1/neo/browse?page=51&size=20
2025-01-11 19:52:23,408 - INFO - Fetched page: http://api.nasa.gov/neo/rest/v1/neo/browse?page=52&size=20
2025-01-11 19:52:24,437 - INFO - Fetched page: http://api.nasa.gov/neo/rest/v1/neo/browse?page=53&size=20
2025-01-11 19:52:25,684 - INFO - Fetched page: http://api.nasa.gov/neo/rest/v1/neo/browse?page=54&size=20
2025-01-11 19:52:26,847 - INFO - Fetched page: http://api.nasa.gov/neo/rest/v1/neo/browse?page=55&size=20
2025-01-11 19:52:28,377 - INFO - Fetched page: http://api.nasa.gov/neo/rest/v1/neo/browse?page=56&size=20
2025-01-11 19:52:29,623 - INFO - Fetched page: http://api.nasa.gov/neo/rest/v1/neo/browse?page=57&size=20
2025-01-11 19:52:30,886 - INFO - Fetched page: http://api.nasa.gov/neo/rest/v1/neo/browse?page=58&size=20
2025-01-11 19:52:32,159 - INFO - Fetched page: http://api.nasa.gov/neo/rest/v1/neo/browse?page=59&size=20
2025-01-11 19:52:33,454 - INFO - Fetched page: http://api.nasa.gov/neo/rest/v1/neo/browse?page=60&size=20
2025-01-11 19:52:34,801 - INFO - Fetched page: http://api.nasa.gov/neo/rest/v1/neo/browse?page=61&size=20
2025-01-11 19:52:35,943 - INFO - Fetched page: http://api.nasa.gov/neo/rest/v1/neo/browse?page=62&size=20
2025-01-11 19:52:37,111 - INFO - Fetched page: http://api.nasa.gov/neo/rest/v1/neo/browse?page=63&size=20
2025-01-11 19:52:38,390 - INFO - Fetched page: http://api.nasa.gov/neo/rest/v1/neo/browse?page=64&size=20
2025-01-11 19:52:39,542 - INFO - Fetched page: http://api.nasa.gov/neo/rest/v1/neo/browse?page=65&size=20
2025-01-11 19:52:40,565 - INFO - Fetched page: http://api.nasa.gov/neo/rest/v1/neo/browse?page=66&size=20
2025-01-11 19:52:41,663 - INFO - Fetched page: http://api.nasa.gov/neo/rest/v1/neo/browse?page=67&size=20
2025-01-11 19:52:42,838 - INFO - Fetched page: http://api.nasa.gov/neo/rest/v1/neo/browse?page=68&size=20
2025-01-11 19:52:44,028 - INFO - Fetched page: http://api.nasa.gov/neo/rest/v1/neo/browse?page=69&size=20
2025-01-11 19:52:45,096 - INFO - Fetched page: http://api.nasa.gov/neo/rest/v1/neo/browse?page=70&size=20
2025-01-11 19:52:46,229 - INFO - Fetched page: http://api.nasa.gov/neo/rest/v1/neo/browse?page=71&size=20
2025-01-11 19:52:47,389 - INFO - Fetched page: http://api.nasa.gov/neo/rest/v1/neo/browse?page=72&size=20
2025-01-11 19:52:48,446 - INFO - Fetched page: http://api.nasa.gov/neo/rest/v1/neo/browse?page=73&size=20
2025-01-11 19:52:49,971 - INFO - Fetched page: http://api.nasa.gov/neo/rest/v1/neo/browse?page=74&size=20
2025-01-11 19:52:51,036 - INFO - Fetched page: http://api.nasa.gov/neo/rest/v1/neo/browse?page=75&size=20
2025-01-11 19:52:52,102 - INFO - Fetched page: http://api.nasa.gov/neo/rest/v1/neo/browse?page=76&size=20
2025-01-11 19:52:53,400 - INFO - Fetched page: http://api.nasa.gov/neo/rest/v1/neo/browse?page=77&size=20
2025-01-11 19:52:54,398 - INFO - Fetched page: http://api.nasa.gov/neo/rest/v1/neo/browse?page=78&size=20
2025-01-11 19:52:55,539 - INFO - Fetched page: http://api.nasa.gov/neo/rest/v1/neo/browse?page=79&size=20
2025-01-11 19:52:56,791 - INFO - Fetched page: http://api.nasa.gov/neo/rest/v1/neo/browse?page=80&size=20
2025-01-11 19:52:58,038 - INFO - Fetched page: http://api.nasa.gov/neo/rest/v1/neo/browse?page=81&size=20
2025-01-11 19:52:59,242 - INFO - Fetched page: http://api.nasa.gov/neo/rest/v1/neo/browse?page=82&size=20
2025-01-11 19:53:00,540 - INFO - Fetched page: http://api.nasa.gov/neo/rest/v1/neo/browse?page=83&size=20
2025-01-11 19:53:01,671 - INFO - Fetched page: http://api.nasa.gov/neo/rest/v1/neo/browse?page=84&size=20
2025-01-11 19:53:02,785 - INFO - Fetched page: http://api.nasa.gov/neo/rest/v1/neo/browse?page=85&size=20
2025-01-11 19:53:03,980 - INFO - Fetched page: http://api.nasa.gov/neo/rest/v1/neo/browse?page=86&size=20
2025-01-11 19:53:04,928 - INFO - Fetched page: http://api.nasa.gov/neo/rest/v1/neo/browse?page=87&size=20
2025-01-11 19:53:06,099 - INFO - Fetched page: http://api.nasa.gov/neo/rest/v1/neo/browse?page=88&size=20
2025-01-11 19:53:07,267 - INFO - Fetched page: http://api.nasa.gov/neo/rest/v1/neo/browse?page=89&size=20
2025-01-11 19:53:08,469 - INFO - Fetched page: http://api.nasa.gov/neo/rest/v1/neo/browse?page=90&size=20
2025-01-11 19:53:09,884 - INFO - Fetched page: http://api.nasa.gov/neo/rest/v1/neo/browse?page=91&size=20
2025-01-11 19:53:11,035 - INFO - Fetched page: http://api.nasa.gov/neo/rest/v1/neo/browse?page=92&size=20
2025-01-11 19:53:12,337 - INFO - Fetched page: http://api.nasa.gov/neo/rest/v1/neo/browse?page=93&size=20
2025-01-11 19:53:13,510 - INFO - Fetched page: http://api.nasa.gov/neo/rest/v1/neo/browse?page=94&size=20
2025-01-11 19:53:14,710 - INFO - Fetched page: http://api.nasa.gov/neo/rest/v1/neo/browse?page=95&size=20
2025-01-11 19:53:16,033 - INFO - Fetched page: http://api.nasa.gov/neo/rest/v1/neo/browse?page=96&size=20
2025-01-11 19:53:17,256 - INFO - Fetched page: http://api.nasa.gov/neo/rest/v1/neo/browse?page=97&size=20
2025-01-11 19:53:18,442 - INFO - Fetched page: http://api.nasa.gov/neo/rest/v1/neo/browse?page=98&size=20
2025-01-11 19:53:19,611 - INFO - Fetched page: http://api.nasa.gov/neo/rest/v1/neo/browse?page=99&size=20
2025-01-11 19:53:20,712 - INFO - Fetched page: http://api.nasa.gov/neo/rest/v1/neo/browse?page=100&size=20
2025-01-11 19:53:21,752 - INFO - Fetched page: http://api.nasa.gov/neo/rest/v1/neo/browse?page=101&size=20
2025-01-11 19:53:22,997 - INFO - Fetched page: http://api.nasa.gov/neo/rest/v1/neo/browse?page=102&size=20
2025-01-11 19:53:24,141 - INFO - Fetched page: http://api.nasa.gov/neo/rest/v1/neo/browse?page=103&size=20
2025-01-11 19:53:25,384 - INFO - Fetched page: http://api.nasa.gov/neo/rest/v1/neo/browse?page=104&size=20
2025-01-11 19:53:26,529 - INFO - Fetched page: http://api.nasa.gov/neo/rest/v1/neo/browse?page=105&size=20
2025-01-11 19:53:27,654 - INFO - Fetched page: http://api.nasa.gov/neo/rest/v1/neo/browse?page=106&size=20
2025-01-11 19:53:28,762 - INFO - Fetched page: http://api.nasa.gov/neo/rest/v1/neo/browse?page=107&size=20
2025-01-11 19:53:29,984 - INFO - Fetched page: http://api.nasa.gov/neo/rest/v1/neo/browse?page=108&size=20
2025-01-11 19:53:31,483 - INFO - Fetched page: http://api.nasa.gov/neo/rest/v1/neo/browse?page=109&size=20
2025-01-11 19:53:32,681 - INFO - Fetched page: http://api.nasa.gov/neo/rest/v1/neo/browse?page=110&size=20
2025-01-11 19:53:33,964 - INFO - Fetched page: http://api.nasa.gov/neo/rest/v1/neo/browse?page=111&size=20
2025-01-11 19:53:35,441 - INFO - Fetched page: http://api.nasa.gov/neo/rest/v1/neo/browse?page=112&size=20
2025-01-11 19:53:36,803 - INFO - Fetched page: http://api.nasa.gov/neo/rest/v1/neo/browse?page=113&size=20
2025-01-11 19:53:38,005 - INFO - Fetched page: http://api.nasa.gov/neo/rest/v1/neo/browse?page=114&size=20
2025-01-11 19:53:39,111 - INFO - Fetched page: http://api.nasa.gov/neo/rest/v1/neo/browse?page=115&size=20
2025-01-11 19:53:40,437 - INFO - Fetched page: http://api.nasa.gov/neo/rest/v1/neo/browse?page=116&size=20
2025-01-11 19:53:41,588 - INFO - Fetched page: http://api.nasa.gov/neo/rest/v1/neo/browse?page=117&size=20
2025-01-11 19:53:42,921 - INFO - Fetched page: http://api.nasa.gov/neo/rest/v1/neo/browse?page=118&size=20
2025-01-11 19:53:44,095 - INFO - Fetched page: http://api.nasa.gov/neo/rest/v1/neo/browse?page=119&size=20
2025-01-11 19:53:45,198 - INFO - Fetched page: http://api.nasa.gov/neo/rest/v1/neo/browse?page=120&size=20
2025-01-11 19:53:46,686 - INFO - Fetched page: http://api.nasa.gov/neo/rest/v1/neo/browse?page=121&size=20
2025-01-11 19:53:48,066 - INFO - Fetched page: http://api.nasa.gov/neo/rest/v1/neo/browse?page=122&size=20
2025-01-11 19:53:49,277 - INFO - Fetched page: http://api.nasa.gov/neo/rest/v1/neo/browse?page=123&size=20
2025-01-11 19:53:50,523 - INFO - Fetched page: http://api.nasa.gov/neo/rest/v1/neo/browse?page=124&size=20
2025-01-11 19:53:51,847 - INFO - Fetched page: http://api.nasa.gov/neo/rest/v1/neo/browse?page=125&size=20
2025-01-11 19:53:52,846 - INFO - Fetched page: http://api.nasa.gov/neo/rest/v1/neo/browse?page=126&size=20
2025-01-11 19:53:54,052 - INFO - Fetched page: http://api.nasa.gov/neo/rest/v1/neo/browse?page=127&size=20
2025-01-11 19:53:55,302 - INFO - Fetched page: http://api.nasa.gov/neo/rest/v1/neo/browse?page=128&size=20
2025-01-11 19:53:56,625 - INFO - Fetched page: http://api.nasa.gov/neo/rest/v1/neo/browse?page=129&size=20
2025-01-11 19:53:57,873 - INFO - Fetched page: http://api.nasa.gov/neo/rest/v1/neo/browse?page=130&size=20
2025-01-11 19:53:59,211 - INFO - Fetched page: http://api.nasa.gov/neo/rest/v1/neo/browse?page=131&size=20
2025-01-11 19:54:00,471 - INFO - Fetched page: http://api.nasa.gov/neo/rest/v1/neo/browse?page=132&size=20
2025-01-11 19:54:01,553 - INFO - Fetched page: http://api.nasa.gov/neo/rest/v1/neo/browse?page=133&size=20
2025-01-11 19:54:02,683 - INFO - Fetched page: http://api.nasa.gov/neo/rest/v1/neo/browse?page=134&size=20
2025-01-11 19:54:03,958 - INFO - Fetched page: http://api.nasa.gov/neo/rest/v1/neo/browse?page=135&size=20
2025-01-11 19:54:05,088 - INFO - Fetched page: http://api.nasa.gov/neo/rest/v1/neo/browse?page=136&size=20
2025-01-11 19:54:06,209 - INFO - Fetched page: http://api.nasa.gov/neo/rest/v1/neo/browse?page=137&size=20
2025-01-11 19:54:07,524 - INFO - Fetched page: http://api.nasa.gov/neo/rest/v1/neo/browse?page=138&size=20
2025-01-11 19:54:08,542 - INFO - Fetched page: http://api.nasa.gov/neo/rest/v1/neo/browse?page=139&size=20
2025-01-11 19:54:09,551 - INFO - Fetched page: http://api.nasa.gov/neo/rest/v1/neo/browse?page=140&size=20
2025-01-11 19:54:10,863 - INFO - Fetched page: http://api.nasa.gov/neo/rest/v1/neo/browse?page=141&size=20
2025-01-11 19:54:12,036 - INFO - Fetched page: http://api.nasa.gov/neo/rest/v1/neo/browse?page=142&size=20
2025-01-11 19:54:13,458 - INFO - Fetched page: http://api.nasa.gov/neo/rest/v1/neo/browse?page=143&size=20
2025-01-11 19:54:14,724 - INFO - Fetched page: http://api.nasa.gov/neo/rest/v1/neo/browse?page=144&size=20
2025-01-11 19:54:15,854 - INFO - Fetched page: http://api.nasa.gov/neo/rest/v1/neo/browse?page=145&size=20
2025-01-11 19:54:17,016 - INFO - Fetched page: http://api.nasa.gov/neo/rest/v1/neo/browse?page=146&size=20
2025-01-11 19:54:18,167 - INFO - Fetched page: http://api.nasa.gov/neo/rest/v1/neo/browse?page=147&size=20
2025-01-11 19:54:19,167 - INFO - Fetched page: http://api.nasa.gov/neo/rest/v1/neo/browse?page=148&size=20
2025-01-11 19:54:20,348 - INFO - Fetched page: http://api.nasa.gov/neo/rest/v1/neo/browse?page=149&size=20
2025-01-11 19:54:21,408 - INFO - Fetched page: http://api.nasa.gov/neo/rest/v1/neo/browse?page=150&size=20
2025-01-11 19:54:22,628 - INFO - Fetched page: http://api.nasa.gov/neo/rest/v1/neo/browse?page=151&size=20
2025-01-11 19:54:23,752 - INFO - Fetched page: http://api.nasa.gov/neo/rest/v1/neo/browse?page=152&size=20
2025-01-11 19:54:24,832 - INFO - Fetched page: http://api.nasa.gov/neo/rest/v1/neo/browse?page=153&size=20
2025-01-11 19:54:26,023 - INFO - Fetched page: http://api.nasa.gov/neo/rest/v1/neo/browse?page=154&size=20
2025-01-11 19:54:27,034 - INFO - Fetched page: http://api.nasa.gov/neo/rest/v1/neo/browse?page=155&size=20
2025-01-11 19:54:27,940 - INFO - Fetched page: http://api.nasa.gov/neo/rest/v1/neo/browse?page=156&size=20
2025-01-11 19:54:29,201 - INFO - Fetched page: http://api.nasa.gov/neo/rest/v1/neo/browse?page=157&size=20
2025-01-11 19:54:30,438 - INFO - Fetched page: http://api.nasa.gov/neo/rest/v1/neo/browse?page=158&size=20
2025-01-11 19:54:31,582 - INFO - Fetched page: http://api.nasa.gov/neo/rest/v1/neo/browse?page=159&size=20
2025-01-11 19:54:32,759 - INFO - Fetched page: http://api.nasa.gov/neo/rest/v1/neo/browse?page=160&size=20
2025-01-11 19:54:34,019 - INFO - Fetched page: http://api.nasa.gov/neo/rest/v1/neo/browse?page=161&size=20
2025-01-11 19:54:35,214 - INFO - Fetched page: http://api.nasa.gov/neo/rest/v1/neo/browse?page=162&size=20
2025-01-11 19:54:36,361 - INFO - Fetched page: http://api.nasa.gov/neo/rest/v1/neo/browse?page=163&size=20
2025-01-11 19:54:37,396 - INFO - Fetched page: http://api.nasa.gov/neo/rest/v1/neo/browse?page=164&size=20
2025-01-11 19:54:38,404 - INFO - Fetched page: http://api.nasa.gov/neo/rest/v1/neo/browse?page=165&size=20
2025-01-11 19:54:39,597 - INFO - Fetched page: http://api.nasa.gov/neo/rest/v1/neo/browse?page=166&size=20
2025-01-11 19:54:40,608 - INFO - Fetched page: http://api.nasa.gov/neo/rest/v1/neo/browse?page=167&size=20
2025-01-11 19:54:41,696 - INFO - Fetched page: http://api.nasa.gov/neo/rest/v1/neo/browse?page=168&size=20
2025-01-11 19:54:42,711 - INFO - Fetched page: http://api.nasa.gov/neo/rest/v1/neo/browse?page=169&size=20
2025-01-11 19:54:43,828 - INFO - Fetched page: http://api.nasa.gov/neo/rest/v1/neo/browse?page=170&size=20
2025-01-11 19:54:44,913 - INFO - Fetched page: http://api.nasa.gov/neo/rest/v1/neo/browse?page=171&size=20
2025-01-11 19:54:45,961 - INFO - Fetched page: http://api.nasa.gov/neo/rest/v1/neo/browse?page=172&size=20
2025-01-11 19:54:47,115 - INFO - Fetched page: http://api.nasa.gov/neo/rest/v1/neo/browse?page=173&size=20
2025-01-11 19:54:48,214 - INFO - Fetched page: http://api.nasa.gov/neo/rest/v1/neo/browse?page=174&size=20
2025-01-11 19:54:49,448 - INFO - Fetched page: http://api.nasa.gov/neo/rest/v1/neo/browse?page=175&size=20
2025-01-11 19:54:50,558 - INFO - Fetched page: http://api.nasa.gov/neo/rest/v1/neo/browse?page=176&size=20
2025-01-11 19:54:51,850 - INFO - Fetched page: http://api.nasa.gov/neo/rest/v1/neo/browse?page=177&size=20
2025-01-11 19:54:53,170 - INFO - Fetched page: http://api.nasa.gov/neo/rest/v1/neo/browse?page=178&size=20
2025-01-11 19:54:54,296 - INFO - Fetched page: http://api.nasa.gov/neo/rest/v1/neo/browse?page=179&size=20
2025-01-11 19:54:55,681 - INFO - Fetched page: http://api.nasa.gov/neo/rest/v1/neo/browse?page=180&size=20
2025-01-11 19:54:56,940 - INFO - Fetched page: http://api.nasa.gov/neo/rest/v1/neo/browse?page=181&size=20
2025-01-11 19:54:58,078 - INFO - Fetched page: http://api.nasa.gov/neo/rest/v1/neo/browse?page=182&size=20
2025-01-11 19:54:59,247 - INFO - Fetched page: http://api.nasa.gov/neo/rest/v1/neo/browse?page=183&size=20
2025-01-11 19:55:00,502 - INFO - Fetched page: http://api.nasa.gov/neo/rest/v1/neo/browse?page=184&size=20
2025-01-11 19:55:01,526 - INFO - Fetched page: http://api.nasa.gov/neo/rest/v1/neo/browse?page=185&size=20
2025-01-11 19:55:02,553 - INFO - Fetched page: http://api.nasa.gov/neo/rest/v1/neo/browse?page=186&size=20
2025-01-11 19:55:03,714 - INFO - Fetched page: http://api.nasa.gov/neo/rest/v1/neo/browse?page=187&size=20
2025-01-11 19:55:04,816 - INFO - Fetched page: http://api.nasa.gov/neo/rest/v1/neo/browse?page=188&size=20
2025-01-11 19:55:05,964 - INFO - Fetched page: http://api.nasa.gov/neo/rest/v1/neo/browse?page=189&size=20
2025-01-11 19:55:07,141 - INFO - Fetched page: http://api.nasa.gov/neo/rest/v1/neo/browse?page=190&size=20
2025-01-11 19:55:08,316 - INFO - Fetched page: http://api.nasa.gov/neo/rest/v1/neo/browse?page=191&size=20
2025-01-11 19:55:09,619 - INFO - Fetched page: http://api.nasa.gov/neo/rest/v1/neo/browse?page=192&size=20
2025-01-11 19:55:10,898 - INFO - Fetched page: http://api.nasa.gov/neo/rest/v1/neo/browse?page=193&size=20
2025-01-11 19:55:12,235 - INFO - Fetched page: http://api.nasa.gov/neo/rest/v1/neo/browse?page=194&size=20
2025-01-11 19:55:13,435 - INFO - Fetched page: http://api.nasa.gov/neo/rest/v1/neo/browse?page=195&size=20
2025-01-11 19:55:14,674 - INFO - Fetched page: http://api.nasa.gov/neo/rest/v1/neo/browse?page=196&size=20
2025-01-11 19:55:15,797 - INFO - Fetched page: http://api.nasa.gov/neo/rest/v1/neo/browse?page=197&size=20
2025-01-11 19:55:16,987 - INFO - Fetched page: http://api.nasa.gov/neo/rest/v1/neo/browse?page=198&size=20
2025-01-11 19:55:18,110 - INFO - Fetched page: http://api.nasa.gov/neo/rest/v1/neo/browse?page=199&size=20
2025-01-11 19:55:19,283 - INFO - Fetched page: http://api.nasa.gov/neo/rest/v1/neo/browse?page=200&size=20
2025-01-11 19:55:20,274 - INFO - Fetched page: http://api.nasa.gov/neo/rest/v1/neo/browse?page=201&size=20
2025-01-11 19:55:21,296 - INFO - Fetched page: http://api.nasa.gov/neo/rest/v1/neo/browse?page=202&size=20
2025-01-11 19:55:22,514 - INFO - Fetched page: http://api.nasa.gov/neo/rest/v1/neo/browse?page=203&size=20
2025-01-11 19:55:23,560 - INFO - Fetched page: http://api.nasa.gov/neo/rest/v1/neo/browse?page=204&size=20
2025-01-11 19:55:24,856 - INFO - Fetched page: http://api.nasa.gov/neo/rest/v1/neo/browse?page=205&size=20
2025-01-11 19:55:25,830 - INFO - Fetched page: http://api.nasa.gov/neo/rest/v1/neo/browse?page=206&size=20
2025-01-11 19:55:26,940 - INFO - Fetched page: http://api.nasa.gov/neo/rest/v1/neo/browse?page=207&size=20
2025-01-11 19:55:28,181 - INFO - Fetched page: http://api.nasa.gov/neo/rest/v1/neo/browse?page=208&size=20
2025-01-11 19:55:29,181 - INFO - Fetched page: http://api.nasa.gov/neo/rest/v1/neo/browse?page=209&size=20
2025-01-11 19:55:30,189 - INFO - Fetched page: http://api.nasa.gov/neo/rest/v1/neo/browse?page=210&size=20
2025-01-11 19:55:31,170 - INFO - Fetched page: http://api.nasa.gov/neo/rest/v1/neo/browse?page=211&size=20
2025-01-11 19:55:32,191 - INFO - Fetched page: http://api.nasa.gov/neo/rest/v1/neo/browse?page=212&size=20
2025-01-11 19:55:33,555 - INFO - Fetched page: http://api.nasa.gov/neo/rest/v1/neo/browse?page=213&size=20
2025-01-11 19:55:34,646 - INFO - Fetched page: http://api.nasa.gov/neo/rest/v1/neo/browse?page=214&size=20
2025-01-11 19:55:35,762 - INFO - Fetched page: http://api.nasa.gov/neo/rest/v1/neo/browse?page=215&size=20
2025-01-11 19:55:36,925 - INFO - Fetched page: http://api.nasa.gov/neo/rest/v1/neo/browse?page=216&size=20
2025-01-11 19:55:38,020 - INFO - Fetched page: http://api.nasa.gov/neo/rest/v1/neo/browse?page=217&size=20
2025-01-11 19:55:39,079 - INFO - Fetched page: http://api.nasa.gov/neo/rest/v1/neo/browse?page=218&size=20
2025-01-11 19:55:40,101 - INFO - Fetched page: http://api.nasa.gov/neo/rest/v1/neo/browse?page=219&size=20
2025-01-11 19:55:41,352 - INFO - Fetched page: http://api.nasa.gov/neo/rest/v1/neo/browse?page=220&size=20
2025-01-11 19:55:42,635 - INFO - Fetched page: http://api.nasa.gov/neo/rest/v1/neo/browse?page=221&size=20
2025-01-11 19:55:43,967 - INFO - Fetched page: http://api.nasa.gov/neo/rest/v1/neo/browse?page=222&size=20
2025-01-11 19:55:45,002 - INFO - Fetched page: http://api.nasa.gov/neo/rest/v1/neo/browse?page=223&size=20
2025-01-11 19:55:46,015 - INFO - Fetched page: http://api.nasa.gov/neo/rest/v1/neo/browse?page=224&size=20
2025-01-11 19:55:47,201 - INFO - Fetched page: http://api.nasa.gov/neo/rest/v1/neo/browse?page=225&size=20
2025-01-11 19:55:48,366 - INFO - Fetched page: http://api.nasa.gov/neo/rest/v1/neo/browse?page=226&size=20
2025-01-11 19:55:49,749 - INFO - Fetched page: http://api.nasa.gov/neo/rest/v1/neo/browse?page=227&size=20
2025-01-11 19:55:51,075 - INFO - Fetched page: http://api.nasa.gov/neo/rest/v1/neo/browse?page=228&size=20
2025-01-11 19:55:52,317 - INFO - Fetched page: http://api.nasa.gov/neo/rest/v1/neo/browse?page=229&size=20
2025-01-11 19:55:54,204 - INFO - Fetched page: http://api.nasa.gov/neo/rest/v1/neo/browse?page=230&size=20
2025-01-11 20:02:55,311 - ERROR - Error fetching data from NASA API: ('Connection aborted.', ConnectionResetError(10054, 'An existing connection was forcibly closed by the remote host', None, 10054, None))
2025-01-11 20:06:38,417 - INFO - Database connection established.
